Build started 28-Dec-15 6:26:07 PM.
     1>Project "D:\Games\Lab Project Virtual Cop\Lab Project\Virtual Cop 2D\IGraphics\IGraphics\IGraphics.vcxproj" on node 2 (build target(s)).
     1>InitializeBuildStatus:
         Creating "Debug\IGraphics.unsuccessfulbuild" because "AlwaysCreate" was specified.
       ClCompile:
         C:\Program Files (x86)\Microsoft Visual Studio 10.0\VC\bin\CL.exe /c /ZI /nologo /W3 /WX- /Od /Oy- /D _MBCS /Gm /EHsc /RTC1 /MDd /GS /fp:precise /Zc:wchar_t /Zc:forScope /Fo"Debug\\" /Fd"Debug\vc100.pdb" /Gd /TP /analyze- /errorReport:prompt "watch - Copy.cpp"
         watch - Copy.cpp
     1>d:\games\lab project virtual cop\lab project\virtual cop 2d\igraphics\igraphics\igraphics.h(104): warning C4101: 'k' : unreferenced local variable
     1>d:\games\lab project virtual cop\lab project\virtual cop 2d\igraphics\igraphics\watch - copy.cpp(89): warning C4996: 'sprintf': This function or variable may be unsafe. Consider using sprintf_s instead. To disable deprecation, use _CRT_SECURE_NO_WARNINGS. See online help for details.
                 c:\program files (x86)\microsoft visual studio 10.0\vc\include\stdio.h(371) : see declaration of 'sprintf'
     1>d:\games\lab project virtual cop\lab project\virtual cop 2d\igraphics\igraphics\watch - copy.cpp(92): warning C4996: 'sprintf': This function or variable may be unsafe. Consider using sprintf_s instead. To disable deprecation, use _CRT_SECURE_NO_WARNINGS. See online help for details.
                 c:\program files (x86)\microsoft visual studio 10.0\vc\include\stdio.h(371) : see declaration of 'sprintf'
     1>d:\games\lab project virtual cop\lab project\virtual cop 2d\igraphics\igraphics\watch - copy.cpp(187): warning C4996: 'sprintf': This function or variable may be unsafe. Consider using sprintf_s instead. To disable deprecation, use _CRT_SECURE_NO_WARNINGS. See online help for details.
                 c:\program files (x86)\microsoft visual studio 10.0\vc\include\stdio.h(371) : see declaration of 'sprintf'
     1>d:\games\lab project virtual cop\lab project\virtual cop 2d\igraphics\igraphics\watch - copy.cpp(220): warning C4996: 'sprintf': This function or variable may be unsafe. Consider using sprintf_s instead. To disable deprecation, use _CRT_SECURE_NO_WARNINGS. See online help for details.
                 c:\program files (x86)\microsoft visual studio 10.0\vc\include\stdio.h(371) : see declaration of 'sprintf'
     1>d:\games\lab project virtual cop\lab project\virtual cop 2d\igraphics\igraphics\watch - copy.cpp(2001): warning C4996: 'fopen': This function or variable may be unsafe. Consider using fopen_s instead. To disable deprecation, use _CRT_SECURE_NO_WARNINGS. See online help for details.
                 c:\program files (x86)\microsoft visual studio 10.0\vc\include\stdio.h(234) : see declaration of 'fopen'
     1>d:\games\lab project virtual cop\lab project\virtual cop 2d\igraphics\igraphics\watch - copy.cpp(2004): warning C4996: 'fscanf': This function or variable may be unsafe. Consider using fscanf_s instead. To disable deprecation, use _CRT_SECURE_NO_WARNINGS. See online help for details.
                 c:\program files (x86)\microsoft visual studio 10.0\vc\include\stdio.h(253) : see declaration of 'fscanf'
     1>d:\games\lab project virtual cop\lab project\virtual cop 2d\igraphics\igraphics\watch - copy.cpp(2024): warning C4996: 'fopen': This function or variable may be unsafe. Consider using fopen_s instead. To disable deprecation, use _CRT_SECURE_NO_WARNINGS. See online help for details.
                 c:\program files (x86)\microsoft visual studio 10.0\vc\include\stdio.h(234) : see declaration of 'fopen'
     1>d:\games\lab project virtual cop\lab project\virtual cop 2d\igraphics\igraphics\watch - copy.cpp(2034): warning C4996: 'fopen': This function or variable may be unsafe. Consider using fopen_s instead. To disable deprecation, use _CRT_SECURE_NO_WARNINGS. See online help for details.
                 c:\program files (x86)\microsoft visual studio 10.0\vc\include\stdio.h(234) : see declaration of 'fopen'
     1>d:\games\lab project virtual cop\lab project\virtual cop 2d\igraphics\igraphics\watch - copy.cpp(2039): warning C4996: 'fscanf': This function or variable may be unsafe. Consider using fscanf_s instead. To disable deprecation, use _CRT_SECURE_NO_WARNINGS. See online help for details.
                 c:\program files (x86)\microsoft visual studio 10.0\vc\include\stdio.h(253) : see declaration of 'fscanf'
     1>d:\games\lab project virtual cop\lab project\virtual cop 2d\igraphics\igraphics\watch - copy.cpp(2045): warning C4996: 'fopen': This function or variable may be unsafe. Consider using fopen_s instead. To disable deprecation, use _CRT_SECURE_NO_WARNINGS. See online help for details.
                 c:\program files (x86)\microsoft visual studio 10.0\vc\include\stdio.h(234) : see declaration of 'fopen'
     1>d:\games\lab project virtual cop\lab project\virtual cop 2d\igraphics\igraphics\watch - copy.cpp(2050): warning C4996: 'fscanf': This function or variable may be unsafe. Consider using fscanf_s instead. To disable deprecation, use _CRT_SECURE_NO_WARNINGS. See online help for details.
                 c:\program files (x86)\microsoft visual studio 10.0\vc\include\stdio.h(253) : see declaration of 'fscanf'
     1>d:\games\lab project virtual cop\lab project\virtual cop 2d\igraphics\igraphics\watch - copy.cpp(2062): warning C4996: 'fopen': This function or variable may be unsafe. Consider using fopen_s instead. To disable deprecation, use _CRT_SECURE_NO_WARNINGS. See online help for details.
                 c:\program files (x86)\microsoft visual studio 10.0\vc\include\stdio.h(234) : see declaration of 'fopen'
     1>d:\games\lab project virtual cop\lab project\virtual cop 2d\igraphics\igraphics\watch - copy.cpp(2091): warning C4996: 'strcpy': This function or variable may be unsafe. Consider using strcpy_s instead. To disable deprecation, use _CRT_SECURE_NO_WARNINGS. See online help for details.
                 c:\program files (x86)\microsoft visual studio 10.0\vc\include\string.h(105) : see declaration of 'strcpy'
     1>d:\games\lab project virtual cop\lab project\virtual cop 2d\igraphics\igraphics\watch - copy.cpp(2112): warning C4551: function call missing argument list
     1>d:\games\lab project virtual cop\lab project\virtual cop 2d\igraphics\igraphics\watch - copy.cpp(2217): warning C4996: 'localtime': This function or variable may be unsafe. Consider using localtime_s instead. To disable deprecation, use _CRT_SECURE_NO_WARNINGS. See online help for details.
                 c:\program files (x86)\microsoft visual studio 10.0\vc\include\time.inl(112) : see declaration of 'localtime'
       Link:
         C:\Program Files (x86)\Microsoft Visual Studio 10.0\VC\bin\link.exe /ERRORREPORT:PROMPT /OUT:"D:\Games\Lab Project Virtual Cop\Lab Project\Virtual Cop 2D\IGraphics\Debug\IGraphics.exe" /NOLOGO kernel32.lib user32.lib gdi32.lib winspool.lib comdlg32.lib advapi32.lib shell32.lib ole32.lib oleaut32.lib uuid.lib odbc32.lib odbccp32.lib /MANIFEST /ManifestFile:"Debug\IGraphics.exe.intermediate.manifest" /MANIFESTUAC:"level='asInvoker' uiAccess='false'" /DEBUG /PDB:"D:\Games\Lab Project Virtual Cop\Lab Project\Virtual Cop 2D\IGraphics\Debug\IGraphics.pdb" /TLBID:1 /DYNAMICBASE /NXCOMPAT /IMPLIB:"D:\Games\Lab Project Virtual Cop\Lab Project\Virtual Cop 2D\IGraphics\Debug\IGraphics.lib" /MACHINE:X86 "Debug\watch - Copy.obj"
         LINK : D:\Games\Lab Project Virtual Cop\Lab Project\Virtual Cop 2D\IGraphics\Debug\IGraphics.exe not found or not built by the last incremental link; performing full link
         IGraphics.vcxproj -> D:\Games\Lab Project Virtual Cop\Lab Project\Virtual Cop 2D\IGraphics\Debug\IGraphics.exe
       Manifest:
         C:\Program Files (x86)\Microsoft SDKs\Windows\v7.0A\bin\mt.exe /nologo /verbose /outputresource:"D:\Games\Lab Project Virtual Cop\Lab Project\Virtual Cop 2D\IGraphics\Debug\IGraphics.exe;#1" /manifest Debug\IGraphics.exe.intermediate.manifest
       FinalizeBuildStatus:
         Deleting file "Debug\IGraphics.unsuccessfulbuild".
         Touching "Debug\IGraphics.lastbuildstate".
     1>Done Building Project "D:\Games\Lab Project Virtual Cop\Lab Project\Virtual Cop 2D\IGraphics\IGraphics\IGraphics.vcxproj" (build target(s)).

Build succeeded.

Time Elapsed 00:00:04.54
