D:\NEW CLOUD\LAB PROJECT-BEFORE FIRST CHECK\LAB PROJECT\VIRTUAL COP 2D\IGRAPHICS\DEBUG\IGRAPHICS.EXE
D:\NEW CLOUD\LAB PROJECT-BEFORE FIRST CHECK\LAB PROJECT\VIRTUAL COP 2D\IGRAPHICS\DEBUG\IGRAPHICS.ILK
D:\NEW CLOUD\LAB PROJECT-BEFORE FIRST CHECK\LAB PROJECT\VIRTUAL COP 2D\IGRAPHICS\DEBUG\IGRAPHICS.PDB
D:\NEW CLOUD\LAB PROJECT-BEFORE FIRST CHECK\LAB PROJECT\VIRTUAL COP 2D\IGRAPHICS\IGRAPHICS\DEBUG\IGRAPHICS.EXE.INTERMEDIATE.MANIFEST
D:\NEW CLOUD\LAB PROJECT-BEFORE FIRST CHECK\LAB PROJECT\VIRTUAL COP 2D\IGRAPHICS\IGRAPHICS\DEBUG\VC100.PDB
D:\NEW CLOUD\LAB PROJECT-BEFORE FIRST CHECK\LAB PROJECT\VIRTUAL COP 2D\IGRAPHICS\IGRAPHICS\DEBUG\WATCH - COPY.OBJ
D:\VIRTUAL COP 2D\LAB PROJECT-BEFORE FIRST CHECK\LAB PROJECT\VIRTUAL COP 2D\IGRAPHICS\DEBUG\IGRAPHICS.EXE
D:\VIRTUAL COP 2D\LAB PROJECT-BEFORE FIRST CHECK\LAB PROJECT\VIRTUAL COP 2D\IGRAPHICS\DEBUG\IGRAPHICS.ILK
D:\VIRTUAL COP 2D\LAB PROJECT-BEFORE FIRST CHECK\LAB PROJECT\VIRTUAL COP 2D\IGRAPHICS\DEBUG\IGRAPHICS.PDB
D:\VIRTUAL COP 2D\LAB PROJECT-BEFORE FIRST CHECK\LAB PROJECT\VIRTUAL COP 2D\IGRAPHICS\IGRAPHICS\DEBUG\IGRAPHICS.EXE.INTERMEDIATE.MANIFEST
E:\NEW CLOUD 2\LAB PROJECT-BEFORE FIRST CHECK\LAB PROJECT\VIRTUAL COP 2D\IGRAPHICS\DEBUG\IGRAPHICS.EXE
E:\NEW CLOUD 2\LAB PROJECT-BEFORE FIRST CHECK\LAB PROJECT\VIRTUAL COP 2D\IGRAPHICS\DEBUG\IGRAPHICS.ILK
E:\NEW CLOUD 2\LAB PROJECT-BEFORE FIRST CHECK\LAB PROJECT\VIRTUAL COP 2D\IGRAPHICS\DEBUG\IGRAPHICS.PDB
E:\new cloud 2\Lab Project-Before first check\Lab Project\Virtual Cop 2D\IGraphics\IGraphics\Debug\cl.command.1.tlog
E:\new cloud 2\Lab Project-Before first check\Lab Project\Virtual Cop 2D\IGraphics\IGraphics\Debug\CL.read.1.tlog
E:\new cloud 2\Lab Project-Before first check\Lab Project\Virtual Cop 2D\IGraphics\IGraphics\Debug\CL.write.1.tlog
E:\NEW CLOUD 2\LAB PROJECT-BEFORE FIRST CHECK\LAB PROJECT\VIRTUAL COP 2D\IGRAPHICS\IGRAPHICS\DEBUG\IGRAPHICS.EXE.INTERMEDIATE.MANIFEST
E:\new cloud 2\Lab Project-Before first check\Lab Project\Virtual Cop 2D\IGraphics\IGraphics\Debug\IGraphics.vcxprojResolveAssemblyReference.cache
E:\new cloud 2\Lab Project-Before first check\Lab Project\Virtual Cop 2D\IGraphics\IGraphics\Debug\IGraphics.write.1.tlog
E:\new cloud 2\Lab Project-Before first check\Lab Project\Virtual Cop 2D\IGraphics\IGraphics\Debug\link.command.1.tlog
E:\new cloud 2\Lab Project-Before first check\Lab Project\Virtual Cop 2D\IGraphics\IGraphics\Debug\link.read.1.tlog
E:\new cloud 2\Lab Project-Before first check\Lab Project\Virtual Cop 2D\IGraphics\IGraphics\Debug\link.write.1.tlog
E:\new cloud 2\Lab Project-Before first check\Lab Project\Virtual Cop 2D\IGraphics\IGraphics\Debug\mt.command.1.tlog
E:\new cloud 2\Lab Project-Before first check\Lab Project\Virtual Cop 2D\IGraphics\IGraphics\Debug\mt.read.1.tlog
E:\new cloud 2\Lab Project-Before first check\Lab Project\Virtual Cop 2D\IGraphics\IGraphics\Debug\mt.write.1.tlog
E:\new cloud 2\Lab Project-Before first check\Lab Project\Virtual Cop 2D\IGraphics\IGraphics\Debug\vc100.idb
E:\NEW CLOUD 2\LAB PROJECT-BEFORE FIRST CHECK\LAB PROJECT\VIRTUAL COP 2D\IGRAPHICS\IGRAPHICS\DEBUG\VC100.PDB
E:\NEW CLOUD 2\LAB PROJECT-BEFORE FIRST CHECK\LAB PROJECT\VIRTUAL COP 2D\IGRAPHICS\IGRAPHICS\DEBUG\WATCH - COPY.OBJ
E:\TERM PROJECT\LAB PROJECT\VIRTUAL COP 2D\IGRAPHICS\DEBUG\IGRAPHICS.EXE
E:\TERM PROJECT\LAB PROJECT\VIRTUAL COP 2D\IGRAPHICS\DEBUG\IGRAPHICS.ILK
E:\TERM PROJECT\LAB PROJECT\VIRTUAL COP 2D\IGRAPHICS\DEBUG\IGRAPHICS.PDB
E:\TERM PROJECT\LAB PROJECT\VIRTUAL COP 2D\IGRAPHICS\IGRAPHICS\DEBUG\IGRAPHICS.EXE.INTERMEDIATE.MANIFEST
E:\VIRTUAL COP WITH GUN\LAB PROJECT-BEFORE FIRST CHECK\LAB PROJECT\VIRTUAL COP 2D\IGRAPHICS\DEBUG\IGRAPHICS.EXE
E:\VIRTUAL COP WITH GUN\LAB PROJECT-BEFORE FIRST CHECK\LAB PROJECT\VIRTUAL COP 2D\IGRAPHICS\DEBUG\IGRAPHICS.ILK
E:\VIRTUAL COP WITH GUN\LAB PROJECT-BEFORE FIRST CHECK\LAB PROJECT\VIRTUAL COP 2D\IGRAPHICS\DEBUG\IGRAPHICS.PDB
E:\VIRTUAL COP WITH GUN\LAB PROJECT-BEFORE FIRST CHECK\LAB PROJECT\VIRTUAL COP 2D\IGRAPHICS\IGRAPHICS\DEBUG\IGRAPHICS.EXE.INTERMEDIATE.MANIFEST
E:\VIRTUAL COP WITH GUN\LAB PROJECT-BEFORE FIRST CHECK\LAB PROJECT\VIRTUAL COP 2D\IGRAPHICS\IGRAPHICS\DEBUG\VC100.PDB
E:\VIRTUAL COP WITH GUN\LAB PROJECT-BEFORE FIRST CHECK\LAB PROJECT\VIRTUAL COP 2D\IGRAPHICS\IGRAPHICS\DEBUG\WATCH - COPY.OBJ
